# configure exec: ./configure --prefix=/opt/service/node_modules/.staging/node-rdkafka-6bdb25a0/build/Release --libdir=/opt/service/node_modules/.staging/node-rdkafka-6bdb25a0/build/Release
# On Thu Apr 26 14:51:59 UTC 2018
DBG: ccenv: WITH_CC:  --version failed: mklove/modules/configure.base: line 1184: --version: command not found
DBG: Check ccenv (WITH_CC, action cont (originally cont)) failed: command ' --version' failed:
mklove/modules/configure.base: line 1184: --version: command not found
DBG: cxxenv: WITH_CXX:  --version failed: mklove/modules/configure.base: line 1184: --version: command not found
DBG: Check cxxenv (WITH_CXX, action cont (originally cont)) failed: command ' --version' failed:
mklove/modules/configure.base: line 1184: --version: command not found
DBG: pkgconfig: WITH_PKGCONFIG: pkg-config --version failed: mklove/modules/configure.base: line 1184: pkg-config: command not found
DBG: Check pkgconfig (WITH_PKGCONFIG, action cont (originally cont)) failed: command 'pkg-config --version' failed:
mklove/modules/configure.base: line 1184: pkg-config: command not found
DBG: Compile check PIC (HAVE_PIC): gcc  -g -O2 -Wall -Werror _mkltmpzwqVo8.c -o _mkltmpzwqVo8.c.o  -L/opt/service/node_modules/.staging/node-rdkafka-6bdb25a0/build/Release -fPIC
DBG: Compile check gnulib (WITH_GNULD): gcc  -g -O2 -fPIC -Wall -Werror _mkltmp9ToeGB.c -o _mkltmp9ToeGB.c.o  -L/opt/service/node_modules/.staging/node-rdkafka-6bdb25a0/build/Release -shared -Wl,-soname,mkltest.0
DBG: Compile check ldsflagvs (): gcc  -g -O2 -fPIC -Wall -Werror _mkltmppbib0Y.c -o _mkltmppbib0Y.c.o  -L/opt/service/node_modules/.staging/node-rdkafka-6bdb25a0/build/Release -shared -Wl,--version-script=_mkltmpfT9ahV
DBG: Compile check __atomic_32 (HAVE_ATOMICS_32): gcc  -g -O2 -fPIC -Wall -Werror _mkltmpzQxcyY.c -o _mkltmpzQxcyY.c.o  -L/opt/service/node_modules/.staging/node-rdkafka-6bdb25a0/build/Release 
DBG: Compile check __atomic_64 (HAVE_ATOMICS_64): gcc  -g -O2 -fPIC -Wall -Werror _mkltmpQSSQrq.c -o _mkltmpQSSQrq.c.o  -L/opt/service/node_modules/.staging/node-rdkafka-6bdb25a0/build/Release 
DBG: Compile check socket (): gcc  -g -O2 -fPIC -Wall -Wsign-compare -Wfloat-equal -Wpointer-arith -Wcast-align -Wall -Werror _mkltmpxppvP0.c -o _mkltmpxppvP0.c.o  -L/opt/service/node_modules/.staging/node-rdkafka-6bdb25a0/build/Release 
DBG: Compile check libpthread (): gcc  -g -O2 -fPIC -Wall -Wsign-compare -Wfloat-equal -Wpointer-arith -Wcast-align -Wall -Werror _mkltmpmcdijY.c -o _mkltmpmcdijY.c.o  -L/opt/service/node_modules/.staging/node-rdkafka-6bdb25a0/build/Release -lpthread
DBG: Compile check zlib (WITH_ZLIB): gcc  -g -O2 -fPIC -Wall -Wsign-compare -Wfloat-equal -Wpointer-arith -Wcast-align -Wall -Werror _mkltmpuZ5iYM.c -o _mkltmpuZ5iYM.c.o  -L/opt/service/node_modules/.staging/node-rdkafka-6bdb25a0/build/Release -lz
DBG: compile check for zlib (WITH_ZLIB) failed: gcc  -g -O2 -fPIC -Wall -Wsign-compare -Wfloat-equal -Wpointer-arith -Wcast-align -Wall -Werror _mkltmpuZ5iYM.c -o _mkltmpuZ5iYM.c.o  -L/opt/service/node_modules/.staging/node-rdkafka-6bdb25a0/build/Release -lz: _mkltmpuZ5iYM.c:1:18: fatal error: zlib.h: No such file or directory
 #include <zlib.h>
                  ^
compilation terminated.
DBG: Check zlib (WITH_ZLIB, action disable (originally disable)) failed: compile check failed:
CC: CC
flags: -lz
gcc  -g -O2 -fPIC -Wall -Wsign-compare -Wfloat-equal -Wpointer-arith -Wcast-align -Wall -Werror _mkltmpuZ5iYM.c -o _mkltmpuZ5iYM.c.o  -L/opt/service/node_modules/.staging/node-rdkafka-6bdb25a0/build/Release -lz:
_mkltmpuZ5iYM.c:1:18: fatal error: zlib.h: No such file or directory
 #include <zlib.h>
                  ^
compilation terminated.
source: #include <zlib.h>
DBG: Compile check libcrypto (): gcc  -g -O2 -fPIC -Wall -Wsign-compare -Wfloat-equal -Wpointer-arith -Wcast-align -Wall -Werror _mkltmpsgEmaN.c -o _mkltmpsgEmaN.c.o  -L/opt/service/node_modules/.staging/node-rdkafka-6bdb25a0/build/Release -lcrypto
DBG: compile check for libcrypto () failed: gcc  -g -O2 -fPIC -Wall -Wsign-compare -Wfloat-equal -Wpointer-arith -Wcast-align -Wall -Werror _mkltmpsgEmaN.c -o _mkltmpsgEmaN.c.o  -L/opt/service/node_modules/.staging/node-rdkafka-6bdb25a0/build/Release -lcrypto: /usr/bin/ld: cannot find -lcrypto
collect2: error: ld returned 1 exit status
DBG: Check libcrypto (, action disable (originally disable)) failed: compile check failed:
CC: CC
flags: -lcrypto
gcc  -g -O2 -fPIC -Wall -Wsign-compare -Wfloat-equal -Wpointer-arith -Wcast-align -Wall -Werror _mkltmpsgEmaN.c -o _mkltmpsgEmaN.c.o  -L/opt/service/node_modules/.staging/node-rdkafka-6bdb25a0/build/Release -lcrypto:
/usr/bin/ld: cannot find -lcrypto
collect2: error: ld returned 1 exit status
source: 
DBG: Compile check liblz4 (WITH_LZ4_EXT): gcc  -g -O2 -fPIC -Wall -Wsign-compare -Wfloat-equal -Wpointer-arith -Wcast-align -Wall -Werror _mkltmppkEgi6.c -o _mkltmppkEgi6.c.o  -L/opt/service/node_modules/.staging/node-rdkafka-6bdb25a0/build/Release -llz4
DBG: compile check for liblz4 (WITH_LZ4_EXT) failed: gcc  -g -O2 -fPIC -Wall -Wsign-compare -Wfloat-equal -Wpointer-arith -Wcast-align -Wall -Werror _mkltmppkEgi6.c -o _mkltmppkEgi6.c.o  -L/opt/service/node_modules/.staging/node-rdkafka-6bdb25a0/build/Release -llz4: _mkltmppkEgi6.c:1:22: fatal error: lz4frame.h: No such file or directory
 #include <lz4frame.h>
                      ^
compilation terminated.
DBG: Check liblz4 (WITH_LZ4_EXT, action disable (originally disable)) failed: compile check failed:
CC: CC
flags: -llz4
gcc  -g -O2 -fPIC -Wall -Wsign-compare -Wfloat-equal -Wpointer-arith -Wcast-align -Wall -Werror _mkltmppkEgi6.c -o _mkltmppkEgi6.c.o  -L/opt/service/node_modules/.staging/node-rdkafka-6bdb25a0/build/Release -llz4:
_mkltmppkEgi6.c:1:22: fatal error: lz4frame.h: No such file or directory
 #include <lz4frame.h>
                      ^
compilation terminated.
source: #include <lz4frame.h>
DBG: Compile check libssl (WITH_SSL): gcc  -g -O2 -fPIC -Wall -Wsign-compare -Wfloat-equal -Wpointer-arith -Wcast-align -Wall -Werror _mkltmpZyktdX.c -o _mkltmpZyktdX.c.o  -L/opt/service/node_modules/.staging/node-rdkafka-6bdb25a0/build/Release -lssl
DBG: compile check for libssl (WITH_SSL) failed: gcc  -g -O2 -fPIC -Wall -Wsign-compare -Wfloat-equal -Wpointer-arith -Wcast-align -Wall -Werror _mkltmpZyktdX.c -o _mkltmpZyktdX.c.o  -L/opt/service/node_modules/.staging/node-rdkafka-6bdb25a0/build/Release -lssl: _mkltmpZyktdX.c:1:25: fatal error: openssl/ssl.h: No such file or directory
 #include <openssl/ssl.h>
                         ^
compilation terminated.
DBG: Check libssl (WITH_SSL, action disable (originally disable)) failed: compile check failed:
CC: CC
flags: -lssl
gcc  -g -O2 -fPIC -Wall -Wsign-compare -Wfloat-equal -Wpointer-arith -Wcast-align -Wall -Werror _mkltmpZyktdX.c -o _mkltmpZyktdX.c.o  -L/opt/service/node_modules/.staging/node-rdkafka-6bdb25a0/build/Release -lssl:
_mkltmpZyktdX.c:1:25: fatal error: openssl/ssl.h: No such file or directory
 #include <openssl/ssl.h>
                         ^
compilation terminated.
source: #include <openssl/ssl.h>
DBG: Compile check libsasl2 (WITH_SASL_CYRUS): gcc  -g -O2 -fPIC -Wall -Wsign-compare -Wfloat-equal -Wpointer-arith -Wcast-align -Wall -Werror _mkltmpuasvdN.c -o _mkltmpuasvdN.c.o  -L/opt/service/node_modules/.staging/node-rdkafka-6bdb25a0/build/Release -lsasl2
DBG: Compile check crc32chw (WITH_CRC32C_HW): gcc  -g -O2 -fPIC -Wall -Wsign-compare -Wfloat-equal -Wpointer-arith -Wcast-align -Wall -Werror _mkltmpTs5Z6N.c -o _mkltmpTs5Z6N.c.o  -L/opt/service/node_modules/.staging/node-rdkafka-6bdb25a0/build/Release 
DBG: Compile check regex (HAVE_REGEX): gcc  -g -O2 -fPIC -Wall -Wsign-compare -Wfloat-equal -Wpointer-arith -Wcast-align -Wall -Werror _mkltmpCZzqQ6.c -o _mkltmpCZzqQ6.c.o  -L/opt/service/node_modules/.staging/node-rdkafka-6bdb25a0/build/Release 
DBG: Compile check librt (): gcc  -g -O2 -fPIC -Wall -Wsign-compare -Wfloat-equal -Wpointer-arith -Wcast-align -Wall -Werror _mkltmpH5OSji.c -o _mkltmpH5OSji.c.o  -L/opt/service/node_modules/.staging/node-rdkafka-6bdb25a0/build/Release -lrt
DBG: Compile check strndup (HAVE_STRNDUP): gcc  -g -O2 -fPIC -Wall -Wsign-compare -Wfloat-equal -Wpointer-arith -Wcast-align -Wall -Werror _mkltmppEwVCz.c -o _mkltmppEwVCz.c.o  -L/opt/service/node_modules/.staging/node-rdkafka-6bdb25a0/build/Release 
DBG: Compile check strerror_r (HAVE_STRERROR_R): gcc  -g -O2 -fPIC -Wall -Wsign-compare -Wfloat-equal -Wpointer-arith -Wcast-align -Wall -Werror _mkltmpESuFhd.c -o _mkltmpESuFhd.c.o  -L/opt/service/node_modules/.staging/node-rdkafka-6bdb25a0/build/Release 
DBG: Compile check libdl (WITH_LIBDL): gcc  -g -O2 -fPIC -Wall -Wsign-compare -Wfloat-equal -Wpointer-arith -Wcast-align -Wall -Werror _mkltmpdym04J.c -o _mkltmpdym04J.c.o  -L/opt/service/node_modules/.staging/node-rdkafka-6bdb25a0/build/Release -ldl
